[debug] [2021-08-30T12:17:39.593Z] ----------------------------------------------------------------------
[debug] [2021-08-30T12:17:39.595Z] Command:       /Users/shogonakanodesu/.anyenv/envs/nodenv/versions/14.15.5/bin/node /Users/shogonakanodesu/.anyenv/envs/nodenv/versions/14.15.5/bin/firebase emulators:start --only firestore
[debug] [2021-08-30T12:17:39.595Z] CLI Version:   9.16.0
[debug] [2021-08-30T12:17:39.595Z] Platform:      darwin
[debug] [2021-08-30T12:17:39.595Z] Node Version:  v14.15.5
[debug] [2021-08-30T12:17:39.599Z] Time:          Mon Aug 30 2021 21:17:39 GMT+0900 (Japan Standard Time)
[debug] [2021-08-30T12:17:39.599Z] ----------------------------------------------------------------------
[debug] 
[debug] [2021-08-30T12:17:39.641Z] Field ".emulators.firestore.port" in "firebase.json" is possibly invalid: should be number
[debug] [2021-08-30T12:17:39.644Z] > command requires scopes: ["email","openid","https://www.googleapis.com/auth/cloudplatformprojects.readonly","https://www.googleapis.com/auth/firebase","https://www.googleapis.com/auth/cloud-platform"]
[debug] [2021-08-30T12:17:39.645Z] > authorizing via signed-in user (tsvx7433@gmail.com)
[info] i  emulators: Starting emulators: firestore {"metadata":{"emulator":{"name":"hub"},"message":"Starting emulators: firestore"}}
[debug] [2021-08-30T12:17:39.666Z] [hub] writing locator at /var/folders/08/ly0rm8_12mbg88vyjlh2k5zh0000gn/T/hub-move-gantt.json
[debug] [2021-08-30T12:17:39.695Z] Ignoring unsupported arg: projectId {"metadata":{"emulator":{"name":"firestore"},"message":"Ignoring unsupported arg: projectId"}}
[debug] [2021-08-30T12:17:39.695Z] Ignoring unsupported arg: auto_download {"metadata":{"emulator":{"name":"firestore"},"message":"Ignoring unsupported arg: auto_download"}}
[debug] [2021-08-30T12:17:39.696Z] Starting Firestore Emulator with command {"binary":"java","args":["-Dgoogle.cloud_firestore.debug_log_level=FINE","-Duser.language=en","-jar","/Users/shogonakanodesu/.cache/firebase/emulators/cloud-firestore-emulator-v1.13.1.jar","--host","localhost","--port",58080,"--rules","/Users/shogonakanodesu/dev/js/move-gantt/firestore.rules"],"optionalArgs":["port","webchannel_port","host","rules","functions_emulator","seed_from_export"],"joinArgs":false} {"metadata":{"emulator":{"name":"firestore"},"message":"Starting Firestore Emulator with command {\"binary\":\"java\",\"args\":[\"-Dgoogle.cloud_firestore.debug_log_level=FINE\",\"-Duser.language=en\",\"-jar\",\"/Users/shogonakanodesu/.cache/firebase/emulators/cloud-firestore-emulator-v1.13.1.jar\",\"--host\",\"localhost\",\"--port\",58080,\"--rules\",\"/Users/shogonakanodesu/dev/js/move-gantt/firestore.rules\"],\"optionalArgs\":[\"port\",\"webchannel_port\",\"host\",\"rules\",\"functions_emulator\",\"seed_from_export\"],\"joinArgs\":false}"}}
[info] i  firestore: Firestore Emulator logging to firestore-debug.log {"metadata":{"emulator":{"name":"firestore"},"message":"Firestore Emulator logging to \u001b[1mfirestore-debug.log\u001b[22m"}}
[debug] [2021-08-30T12:17:41.010Z] Aug 30, 2021 9:17:40 PM com.google.cloud.datastore.emulator.firestore.websocket.WebSocketServer start
INFO: Started WebSocket server on ws://localhost:56686
 {"metadata":{"emulator":{"name":"firestore"},"message":"Aug 30, 2021 9:17:40 PM com.google.cloud.datastore.emulator.firestore.websocket.WebSocketServer start\nINFO: Started WebSocket server on ws://localhost:56686\n"}}
[debug] [2021-08-30T12:17:41.034Z] API endpoint: http:// {"metadata":{"emulator":{"name":"firestore"},"message":"API endpoint: http://"}}
[debug] [2021-08-30T12:17:41.035Z] localhost:58080
If you are using a library that supports the FIRESTORE_EMULATOR_HOST environment variable, run:

   export FIRESTORE_EMULATOR_HOST=localhost:58080

Dev App Server is now running.

 {"metadata":{"emulator":{"name":"firestore"},"message":"localhost:58080\nIf you are using a library that supports the FIRESTORE_EMULATOR_HOST environment variable, run:\n\n   export FIRESTORE_EMULATOR_HOST=localhost:58080\n\nDev App Server is now running.\n\n"}}
[debug] [2021-08-30T12:17:41.234Z] Ignoring unsupported arg: auto_download {"metadata":{"emulator":{"name":"ui"},"message":"Ignoring unsupported arg: auto_download"}}
[debug] [2021-08-30T12:17:41.234Z] Ignoring unsupported arg: port {"metadata":{"emulator":{"name":"ui"},"message":"Ignoring unsupported arg: port"}}
[debug] [2021-08-30T12:17:41.234Z] Starting Emulator UI with command {"binary":"node","args":["/Users/shogonakanodesu/.cache/firebase/emulators/ui-v1.6.0/server.bundle.js"],"optionalArgs":[],"joinArgs":false} {"metadata":{"emulator":{"name":"ui"},"message":"Starting Emulator UI with command {\"binary\":\"node\",\"args\":[\"/Users/shogonakanodesu/.cache/firebase/emulators/ui-v1.6.0/server.bundle.js\"],\"optionalArgs\":[],\"joinArgs\":false}"}}
[info] i  ui: Emulator UI logging to ui-debug.log {"metadata":{"emulator":{"name":"ui"},"message":"Emulator UI logging to \u001b[1mui-debug.log\u001b[22m"}}
[debug] [2021-08-30T12:17:41.328Z] Web / API server started at localhost:4000
 {"metadata":{"emulator":{"name":"ui"},"message":"Web / API server started at localhost:4000\n"}}
[info] 
┌─────────────────────────────────────────────────────────────┐
│ ✔  All emulators ready! It is now safe to connect your app. │
│ i  View Emulator UI at http://localhost:4000                │
└─────────────────────────────────────────────────────────────┘

┌───────────┬─────────────────┬─────────────────────────────────┐
│ Emulator  │ Host:Port       │ View in Emulator UI             │
├───────────┼─────────────────┼─────────────────────────────────┤
│ Firestore │ localhost:58080 │ http://localhost:4000/firestore │
└───────────┴─────────────────┴─────────────────────────────────┘
  Emulator Hub running at localhost:4400
  Other reserved ports: 4500

Issues? Report them at https://github.com/firebase/firebase-tools/issues and attach the *-debug.log files.
 
[debug] [2021-08-30T12:18:21.538Z] Aug 30, 2021 9:18:21 PM io.gapi.emulators.netty.HttpVersionRoutingHandler channelRead
INFO: Detected non-HTTP/2 connection.
 {"metadata":{"emulator":{"name":"firestore"},"message":"Aug 30, 2021 9:18:21 PM io.gapi.emulators.netty.HttpVersionRoutingHandler channelRead\nINFO: Detected non-HTTP/2 connection.\n"}}
[debug] [2021-08-30T12:18:21.708Z] Aug 30, 2021 9:18:21 PM com.google.cloud.datastore.emulator.firestore.websocket.WebSocketChannelHandler initChannel
INFO: Connected to new websocket client
 {"metadata":{"emulator":{"name":"firestore"},"message":"Aug 30, 2021 9:18:21 PM com.google.cloud.datastore.emulator.firestore.websocket.WebSocketChannelHandler initChannel\nINFO: Connected to new websocket client\n"}}
[debug] [2021-08-30T12:18:21.752Z] Aug 30, 2021 9:18:21 PM io.gapi.emulators.netty.HttpVersionRoutingHandler channelRead
INFO: Detected non-HTTP/2 connection.
 {"metadata":{"emulator":{"name":"firestore"},"message":"Aug 30, 2021 9:18:21 PM io.gapi.emulators.netty.HttpVersionRoutingHandler channelRead\nINFO: Detected non-HTTP/2 connection.\n"}}
[debug] [2021-08-30T12:18:21.882Z] Aug 30, 2021 9:18:21 PM io.gapi.emulators.netty.HttpVersionRoutingHandler channelRead
INFO: Detected HTTP/2 connection.
 {"metadata":{"emulator":{"name":"firestore"},"message":"Aug 30, 2021 9:18:21 PM io.gapi.emulators.netty.HttpVersionRoutingHandler channelRead\nINFO: Detected HTTP/2 connection.\n"}}
[debug] [2021-08-30T12:18:25.531Z] Aug 30, 2021 9:18:25 PM io.gapi.emulators.netty.HttpVersionRoutingHandler channelRead
INFO: Detected non-HTTP/2 connection.
 {"metadata":{"emulator":{"name":"firestore"},"message":"Aug 30, 2021 9:18:25 PM io.gapi.emulators.netty.HttpVersionRoutingHandler channelRead\nINFO: Detected non-HTTP/2 connection.\n"}}
[debug] [2021-08-30T12:18:27.555Z] Aug 30, 2021 9:18:27 PM io.gapi.emulators.netty.HttpVersionRoutingHandler channelRead
INFO: Detected non-HTTP/2 connection.
 {"metadata":{"emulator":{"name":"firestore"},"message":"Aug 30, 2021 9:18:27 PM io.gapi.emulators.netty.HttpVersionRoutingHandler channelRead\nINFO: Detected non-HTTP/2 connection.\n"}}
[debug] [2021-08-30T12:18:29.578Z] Aug 30, 2021 9:18:29 PM io.gapi.emulators.netty.HttpVersionRoutingHandler channelRead
INFO: Detected non-HTTP/2 connection.
 {"metadata":{"emulator":{"name":"firestore"},"message":"Aug 30, 2021 9:18:29 PM io.gapi.emulators.netty.HttpVersionRoutingHandler channelRead\nINFO: Detected non-HTTP/2 connection.\n"}}
[debug] [2021-08-30T12:18:31.605Z] Aug 30, 2021 9:18:31 PM io.gapi.emulators.netty.HttpVersionRoutingHandler channelRead
INFO: Detected non-HTTP/2 connection.
 {"metadata":{"emulator":{"name":"firestore"},"message":"Aug 30, 2021 9:18:31 PM io.gapi.emulators.netty.HttpVersionRoutingHandler channelRead\nINFO: Detected non-HTTP/2 connection.\n"}}
[debug] [2021-08-30T12:18:33.630Z] Aug 30, 2021 9:18:33 PM io.gapi.emulators.netty.HttpVersionRoutingHandler channelRead
INFO: Detected non-HTTP/2 connection.
 {"metadata":{"emulator":{"name":"firestore"},"message":"Aug 30, 2021 9:18:33 PM io.gapi.emulators.netty.HttpVersionRoutingHandler channelRead\nINFO: Detected non-HTTP/2 connection.\n"}}
[debug] [2021-08-30T12:18:35.651Z] Aug 30, 2021 9:18:35 PM io.gapi.emulators.netty.HttpVersionRoutingHandler channelRead
INFO: Detected non-HTTP/2 connection.
 {"metadata":{"emulator":{"name":"firestore"},"message":"Aug 30, 2021 9:18:35 PM io.gapi.emulators.netty.HttpVersionRoutingHandler channelRead\nINFO: Detected non-HTTP/2 connection.\n"}}
[debug] [2021-08-30T12:18:39.208Z] Aug 30, 2021 9:18:39 PM io.gapi.emulators.netty.HttpVersionRoutingHandler channelRead
INFO: Detected non-HTTP/2 connection.
 {"metadata":{"emulator":{"name":"firestore"},"message":"Aug 30, 2021 9:18:39 PM io.gapi.emulators.netty.HttpVersionRoutingHandler channelRead\nINFO: Detected non-HTTP/2 connection.\n"}}
[debug] [2021-08-30T12:19:48.105Z] Received signal SIGHUP 1
[info]  
[info] i  emulators: Received SIGHUP for the first time. Starting a clean shutdown. 
[info] i  emulators: Please wait for a clean shutdown or send the SIGHUP signal again to stop right now. 
[info] i  emulators: Shutting down emulators. {"metadata":{"emulator":{"name":"hub"},"message":"Shutting down emulators."}}
[info] i  ui: Stopping Emulator UI {"metadata":{"emulator":{"name":"ui"},"message":"Stopping Emulator UI"}}
[debug] [2021-08-30T12:19:48.108Z] Ignoring signal SIGHUP due to short delay of 3ms
[warn] ⚠  Emulator UI has exited upon receiving signal: SIGINT 
[debug] [2021-08-30T12:19:48.113Z] Error: write EIO
    at afterWriteDispatched (internal/stream_base_commons.js:156:25)
    at writeGeneric (internal/stream_base_commons.js:147:3)
    at WriteStream.Socket._writeGeneric (net.js:785:11)
    at WriteStream.Socket._write (net.js:797:8)
    at writeOrBuffer (internal/streams/writable.js:358:12)
    at WriteStream.Writable.write (internal/streams/writable.js:303:10)
    at Console.log (/Users/shogonakanodesu/.anyenv/envs/nodenv/versions/14.15.5/lib/node_modules/firebase-tools/node_modules/winston/lib/winston/transports/console.js:79:23)
    at Console._write (/Users/shogonakanodesu/.anyenv/envs/nodenv/versions/14.15.5/lib/node_modules/firebase-tools/node_modules/winston-transport/index.js:103:17)
    at doWrite (/Users/shogonakanodesu/.anyenv/envs/nodenv/versions/14.15.5/lib/node_modules/firebase-tools/node_modules/winston-transport/node_modules/readable-stream/lib/_stream_writable.js:428:64)
    at writeOrBuffer (/Users/shogonakanodesu/.anyenv/envs/nodenv/versions/14.15.5/lib/node_modules/firebase-tools/node_modules/winston-transport/node_modules/readable-stream/lib/_stream_writable.js:417:5)
    at Console.Writable.write (/Users/shogonakanodesu/.anyenv/envs/nodenv/versions/14.15.5/lib/node_modules/firebase-tools/node_modules/winston-transport/node_modules/readable-stream/lib/_stream_writable.js:334:11)
    at DerivedLogger.ondata (/Users/shogonakanodesu/.anyenv/envs/nodenv/versions/14.15.5/lib/node_modules/firebase-tools/node_modules/readable-stream/lib/_stream_readable.js:681:20)
    at DerivedLogger.emit (events.js:327:22)
    at DerivedLogger.EventEmitter.emit (domain.js:467:12)
    at addChunk (/Users/shogonakanodesu/.anyenv/envs/nodenv/versions/14.15.5/lib/node_modules/firebase-tools/node_modules/readable-stream/lib/_stream_readable.js:298:12)
    at readableAddChunk (/Users/shogonakanodesu/.anyenv/envs/nodenv/versions/14.15.5/lib/node_modules/firebase-tools/node_modules/readable-stream/lib/_stream_readable.js:280:11)
[error] 
[error] Error: An unexpected error has occurred.
[info] i  firestore: Stopping Firestore Emulator {"metadata":{"emulator":{"name":"firestore"},"message":"Stopping Firestore Emulator"}}
[debug] [2021-08-30T12:19:48.117Z] *** shutting down gRPC server since JVM is shutting down
 {"metadata":{"emulator":{"name":"firestore"},"message":"*** shutting down gRPC server since JVM is shutting down\n"}}
[debug] [2021-08-30T12:19:48.122Z] *** server shut down
 {"metadata":{"emulator":{"name":"firestore"},"message":"*** server shut down\n"}}
[debug] [2021-08-30T12:19:57.895Z] ----------------------------------------------------------------------
[debug] [2021-08-30T12:19:57.897Z] Command:       /Users/shogonakanodesu/.anyenv/envs/nodenv/versions/14.15.5/bin/node /Users/shogonakanodesu/.anyenv/envs/nodenv/versions/14.15.5/bin/firebase emulators:start --only firestore
[debug] [2021-08-30T12:19:57.897Z] CLI Version:   9.16.0
[debug] [2021-08-30T12:19:57.897Z] Platform:      darwin
[debug] [2021-08-30T12:19:57.897Z] Node Version:  v14.15.5
[debug] [2021-08-30T12:19:57.898Z] Time:          Mon Aug 30 2021 21:19:57 GMT+0900 (Japan Standard Time)
[debug] [2021-08-30T12:19:57.898Z] ----------------------------------------------------------------------
[debug] 
[debug] [2021-08-30T12:19:57.937Z] Field ".emulators.firestore.port" in "firebase.json" is possibly invalid: should be number
[debug] [2021-08-30T12:19:57.939Z] > command requires scopes: ["email","openid","https://www.googleapis.com/auth/cloudplatformprojects.readonly","https://www.googleapis.com/auth/firebase","https://www.googleapis.com/auth/cloud-platform"]
[debug] [2021-08-30T12:19:57.940Z] > authorizing via signed-in user (tsvx7433@gmail.com)
[info] i  emulators: Starting emulators: firestore {"metadata":{"emulator":{"name":"hub"},"message":"Starting emulators: firestore"}}
[warn] ⚠  emulators: It seems that you are running multiple instances of the emulator suite for project move-gantt. This may result in unexpected behavior. 
[debug] [2021-08-30T12:19:57.959Z] [hub] writing locator at /var/folders/08/ly0rm8_12mbg88vyjlh2k5zh0000gn/T/hub-move-gantt.json
[debug] [2021-08-30T12:19:57.992Z] Ignoring unsupported arg: projectId {"metadata":{"emulator":{"name":"firestore"},"message":"Ignoring unsupported arg: projectId"}}
[debug] [2021-08-30T12:19:57.992Z] Ignoring unsupported arg: auto_download {"metadata":{"emulator":{"name":"firestore"},"message":"Ignoring unsupported arg: auto_download"}}
[debug] [2021-08-30T12:19:57.992Z] Starting Firestore Emulator with command {"binary":"java","args":["-Dgoogle.cloud_firestore.debug_log_level=FINE","-Duser.language=en","-jar","/Users/shogonakanodesu/.cache/firebase/emulators/cloud-firestore-emulator-v1.13.1.jar","--host","localhost","--port",58080,"--rules","/Users/shogonakanodesu/dev/js/move-gantt/firestore.rules"],"optionalArgs":["port","webchannel_port","host","rules","functions_emulator","seed_from_export"],"joinArgs":false} {"metadata":{"emulator":{"name":"firestore"},"message":"Starting Firestore Emulator with command {\"binary\":\"java\",\"args\":[\"-Dgoogle.cloud_firestore.debug_log_level=FINE\",\"-Duser.language=en\",\"-jar\",\"/Users/shogonakanodesu/.cache/firebase/emulators/cloud-firestore-emulator-v1.13.1.jar\",\"--host\",\"localhost\",\"--port\",58080,\"--rules\",\"/Users/shogonakanodesu/dev/js/move-gantt/firestore.rules\"],\"optionalArgs\":[\"port\",\"webchannel_port\",\"host\",\"rules\",\"functions_emulator\",\"seed_from_export\"],\"joinArgs\":false}"}}
[info] i  firestore: Firestore Emulator logging to firestore-debug.log {"metadata":{"emulator":{"name":"firestore"},"message":"Firestore Emulator logging to \u001b[1mfirestore-debug.log\u001b[22m"}}
[debug] [2021-08-30T12:19:58.775Z] Aug 30, 2021 9:19:58 PM com.google.cloud.datastore.emulator.firestore.websocket.WebSocketServer start
INFO: Started WebSocket server on ws://localhost:56767
 {"metadata":{"emulator":{"name":"firestore"},"message":"Aug 30, 2021 9:19:58 PM com.google.cloud.datastore.emulator.firestore.websocket.WebSocketServer start\nINFO: Started WebSocket server on ws://localhost:56767\n"}}
[debug] [2021-08-30T12:19:58.792Z] API endpoint: http://localhost:58080
 {"metadata":{"emulator":{"name":"firestore"},"message":"API endpoint: http://localhost:58080\n"}}
[debug] [2021-08-30T12:19:58.792Z] If you are using a library that supports the FIRESTORE_EMULATOR_HOST environment variable, run:

   export FIRESTORE_EMULATOR_HOST=localhost:58080

Dev App Server is now running.

 {"metadata":{"emulator":{"name":"firestore"},"message":"If you are using a library that supports the FIRESTORE_EMULATOR_HOST environment variable, run:\n\n   export FIRESTORE_EMULATOR_HOST=localhost:58080\n\nDev App Server is now running.\n\n"}}
[debug] [2021-08-30T12:19:59.025Z] Ignoring unsupported arg: auto_download {"metadata":{"emulator":{"name":"ui"},"message":"Ignoring unsupported arg: auto_download"}}
[debug] [2021-08-30T12:19:59.025Z] Ignoring unsupported arg: port {"metadata":{"emulator":{"name":"ui"},"message":"Ignoring unsupported arg: port"}}
[debug] [2021-08-30T12:19:59.025Z] Starting Emulator UI with command {"binary":"node","args":["/Users/shogonakanodesu/.cache/firebase/emulators/ui-v1.6.0/server.bundle.js"],"optionalArgs":[],"joinArgs":false} {"metadata":{"emulator":{"name":"ui"},"message":"Starting Emulator UI with command {\"binary\":\"node\",\"args\":[\"/Users/shogonakanodesu/.cache/firebase/emulators/ui-v1.6.0/server.bundle.js\"],\"optionalArgs\":[],\"joinArgs\":false}"}}
[info] i  ui: Emulator UI logging to ui-debug.log {"metadata":{"emulator":{"name":"ui"},"message":"Emulator UI logging to \u001b[1mui-debug.log\u001b[22m"}}
[debug] [2021-08-30T12:19:59.115Z] Web / API server started at localhost:4000
 {"metadata":{"emulator":{"name":"ui"},"message":"Web / API server started at localhost:4000\n"}}
[info] 
┌─────────────────────────────────────────────────────────────┐
│ ✔  All emulators ready! It is now safe to connect your app. │
│ i  View Emulator UI at http://localhost:4000                │
└─────────────────────────────────────────────────────────────┘

┌───────────┬─────────────────┬─────────────────────────────────┐
│ Emulator  │ Host:Port       │ View in Emulator UI             │
├───────────┼─────────────────┼─────────────────────────────────┤
│ Firestore │ localhost:58080 │ http://localhost:4000/firestore │
└───────────┴─────────────────┴─────────────────────────────────┘
  Emulator Hub running at localhost:4400
  Other reserved ports: 4500

Issues? Report them at https://github.com/firebase/firebase-tools/issues and attach the *-debug.log files.
 
